[SpkLog]
[23-Oct-12 12:13:35 PM] |Write registry value| - |HKCU\Software\Microsoft\Windows\CurrentVersion\Run : sPkAutorunkiller v.3.0
[23-Oct-12 12:15:47 PM] |Attribute changed| - |L:\ข้อสอบ ป.6 เทอม 1 ปี 50.doc
[23-Oct-12 12:15:48 PM] |Attribute changed| - |C:\aqua_bitmap.cpp
[23-Oct-12 12:15:48 PM] |Error>> || - |C:\bootmgr
[23-Oct-12 12:15:48 PM] |Attribute changed| - |C:\BOOTSECT.BAK
[23-Oct-12 12:15:48 PM] |Attribute changed| - |C:\full.exe
[23-Oct-12 12:15:48 PM] |Error>> || - |C:\hiberfil.sys
[23-Oct-12 12:15:48 PM] |Attribute changed| - |C:\R6Config.txt
[23-Oct-12 12:15:48 PM] |Attribute changed| - |C:\user.js
[23-Oct-12 12:15:48 PM] |Attribute changed| - |C:\w7ldr
[23-Oct-12 12:15:48 PM] |Attribute changed| - |C:\wepkeys.txt
[23-Oct-12 12:15:48 PM] |Attribute changed| - |D:\01.jpg
[23-Oct-12 12:15:48 PM] |Attribute changed| - |D:\01.png
[23-Oct-12 12:15:48 PM] |Attribute changed| - |D:\128256.jpg
[23-Oct-12 12:15:48 PM] |Attribute changed| - |D:\57844-attachment.jpg
[23-Oct-12 12:15:48 PM] |Attribute changed| - |D:\597.png
[23-Oct-12 12:15:48 PM] |Attribute changed| - |D:\597.psd
[23-Oct-12 12:15:48 PM] |Attribute changed| - |D:\5reco.zip
[23-Oct-12 12:15:48 PM] |Attribute changed| - |D:\64676_400950629918683_100000112473018_1740952_902492557_n.jpg
[23-Oct-12 12:15:48 PM] |Attribute changed| - |D:\a001.jpg
[23-Oct-12 12:15:48 PM] |Attribute changed| - |D:\andesk.png
[23-Oct-12 12:15:48 PM] |Attribute changed| - |D:\android-7.jpg
[23-Oct-12 12:15:48 PM] |Attribute changed| - |D:\android_gingerbread.jpg
[23-Oct-12 12:15:48 PM] |Attribute changed| - |D:\anonymous-mask.jpg
[23-Oct-12 12:15:48 PM] |Attribute changed| - |D:\app_full_proxy.php
[23-Oct-12 12:15:48 PM] |Attribute changed| - |D:\b82-ex-fixed.zip
[23-Oct-12 12:15:48 PM] |Attribute changed| - |D:\beats_aceport.zip
[23-Oct-12 12:15:48 PM] |Attribute changed| - |D:\build.png
[23-Oct-12 12:15:48 PM] |Attribute changed| - |D:\Camera roll.rar
[23-Oct-12 12:15:48 PM] |Attribute changed| - |D:\capture-1.avi
[23-Oct-12 12:15:48 PM] |Attribute changed| - |D:\CF-Root-S5830-v3.7-b82-ex+without+Boot+Animation.zip
[23-Oct-12 12:15:48 PM] |Attribute changed| - |D:\check.txt
[23-Oct-12 12:15:48 PM] |Attribute changed| - |D:\CM7.2-RC3-DrOidACe.zip
[23-Oct-12 12:15:48 PM] |Attribute changed| - |D:\cm_ace-ota-eng.maclaw.zip
[23-Oct-12 12:15:48 PM] |Attribute changed| - |D:\code.png
[23-Oct-12 12:15:48 PM] |Attribute changed| - |D:\com.eamobile.nfshp_row_wf.7z
[23-Oct-12 12:15:48 PM] |Attribute changed| - |D:\cpic4.png
[23-Oct-12 12:15:48 PM] |Attribute changed| - |D:\cpic5.png
[23-Oct-12 12:15:48 PM] |Attribute changed| - |D:\Creative Suite 5 Master Collection Read Me.pdf
[23-Oct-12 12:15:48 PM] |Attribute changed| - |D:\crt.zip
[23-Oct-12 12:15:48 PM] |Attribute changed| - |D:\desc.txt
[23-Oct-12 12:15:48 PM] |Attribute changed| - |D:\device-2011-10-02-123923.png
[23-Oct-12 12:15:48 PM] |Attribute changed| - |D:\device-2011-10-02-123943.png
[23-Oct-12 12:15:48 PM] |Attribute changed| - |D:\DroidACE.rar
[23-Oct-12 12:15:48 PM] |Attribute changed| - |D:\ds2.php
[23-Oct-12 12:15:48 PM] |Attribute changed| - |D:\facebook-like-button-big.jpg
[23-Oct-12 12:15:48 PM] |Attribute changed| - |D:\file.VSP
[23-Oct-12 12:15:48 PM] |Attribute changed| - |D:\fin.png
[23-Oct-12 12:15:48 PM] |Attribute changed| - |D:\fin2.png
[23-Oct-12 12:15:48 PM] |Attribute changed| - |D:\fix.jpg
[23-Oct-12 12:15:48 PM] |Attribute changed| - |D:\flow.png
[23-Oct-12 12:15:48 PM] |Attribute changed| - |D:\found.png
[23-Oct-12 12:15:48 PM] |Attribute changed| - |D:\GT-S5830_INU_S5830DDKQ_8S5830ODDKQ7_S5830DDKQ8.zip
[23-Oct-12 12:15:48 PM] |Attribute changed| - |D:\hacked.png
[23-Oct-12 12:15:48 PM] |Attribute changed| - |D:\hackercup2011_pre.zip
[23-Oct-12 12:15:48 PM] |Attribute changed| - |D:\Have_a_Heart_Logo_for_Rollelf_.jpg
[23-Oct-12 12:15:48 PM] |Attribute changed| - |D:\Havij1.15Free.rar
[23-Oct-12 12:15:48 PM] |Attribute changed| - |D:\headerpure.jpg
[23-Oct-12 12:15:48 PM] |Attribute changed| - |D:\icons.rar
[23-Oct-12 12:15:48 PM] |Attribute changed| - |D:\ICSLayouts12-patch.zip
[23-Oct-12 12:15:48 PM] |Attribute changed| - |D:\ICSLayouts12-undo.zip
[23-Oct-12 12:15:48 PM] |Attribute changed| - |D:\ict bug.txt
[23-Oct-12 12:15:48 PM] |Attribute changed| - |D:\IMG_9999.CR2
[23-Oct-12 12:15:48 PM] |Attribute changed| - |D:\Inertia-hvgagameszone_blogspot_com.rar
[23-Oct-12 12:15:48 PM] |Attribute changed| - |D:\JournalingDisabler.zip
[23-Oct-12 12:15:48 PM] |Attribute changed| - |D:\LagFree V1 By Slaid480.zip
[23-Oct-12 12:15:48 PM] |Attribute changed| - |D:\LagFree V2.zip
[23-Oct-12 12:15:48 PM] |Attribute changed| - |D:\Layiji-JaRaKeFadHang-1.0.zip
[23-Oct-12 12:15:48 PM] |Attribute changed| - |D:\led_sen.c
[23-Oct-12 12:15:48 PM] |Attribute changed| - |D:\M5_2.jpg
[23-Oct-12 12:15:48 PM] |Attribute changed| - |D:\MEM0000039148.jpg
[23-Oct-12 12:15:48 PM] |Attribute changed| - |D:\meonhack.png
[23-Oct-12 12:15:48 PM] |Attribute changed| - |D:\multi_capacitor.wmv
[23-Oct-12 12:15:48 PM] |Attribute changed| - |D:\namchoke_ss.png
[23-Oct-12 12:15:48 PM] |Error>> || - |D:\pagefile.sys
[23-Oct-12 12:15:48 PM] |Attribute changed| - |D:\passadmin.txt
[23-Oct-12 12:15:48 PM] |Attribute changed| - |D:\photoc.png
[23-Oct-12 12:15:48 PM] |Attribute changed| - |D:\photoc.psd
[23-Oct-12 12:15:48 PM] |Attribute changed| - |D:\photothumb.db
[23-Oct-12 12:15:48 PM] |Attribute changed| - |D:\phpFileManager-0.9.3.zip
[23-Oct-12 12:15:48 PM] |Attribute changed| - |D:\pic16f627a.png
[23-Oct-12 12:15:48 PM] |Attribute changed| - |D:\picone.rar
[23-Oct-12 12:15:48 PM] |Attribute changed| - |D:\pictwo.rar
[23-Oct-12 12:15:48 PM] |Attribute changed| - |D:\post-44-1232033970.jpg
[23-Oct-12 12:15:48 PM] |Attribute changed| - |D:\power_menu_XXKPO.zip
[23-Oct-12 12:15:48 PM] |Attribute changed| - |D:\pp 62 demo.VSP
[23-Oct-12 12:15:48 PM] |Attribute changed| - |D:\recovery-clockwork-5.0.2.6-galaxyace-fix.zip
[23-Oct-12 12:15:48 PM] |Attribute changed| - |D:\ReverseTethering beta 3.zip
[23-Oct-12 12:15:48 PM] |Attribute changed| - |D:\robert_downey_jr_20090810.jpg
[23-Oct-12 12:15:48 PM] |Attribute changed| - |D:\rom.txt
[23-Oct-12 12:15:48 PM] |Attribute changed| - |D:\S3-Evolution-Beta-2.zip
[23-Oct-12 12:15:48 PM] |Attribute changed| - |D:\S5830DDKQ8_S5830ODDKQ7_S5830DDKQ8_HOME.tar.md5
[23-Oct-12 12:15:48 PM] |Attribute changed| - |D:\S5830XWKTM_S5830OXXKT3_S5830XWKT7_HOME.tar.md5
[23-Oct-12 12:15:48 PM] |Attribute changed| - |D:\S5830XXKPP_S5830XXKPP_S5830SERKPP_HOME.tar.md5
[23-Oct-12 12:15:48 PM] |Attribute changed| - |D:\S5830ZSKPD_S5830OZSKPD_S5830XXKPO.rar
[23-Oct-12 12:15:48 PM] |Attribute changed| - |D:\S5830ZSKPD_S5830OZSKPD_S5830XXKPO_HOME.tar.md5
[23-Oct-12 12:15:48 PM] |Attribute changed| - |D:\SlaidMod V3.zip
[23-Oct-12 12:15:48 PM] |Attribute changed| - |D:\smati
[23-Oct-12 12:15:48 PM] |Attribute changed| - |D:\sorry.txt
[23-Oct-12 12:15:48 PM] |Attribute changed| - |D:\sPk+Easy+apk+tool.rar
[23-Oct-12 12:15:48 PM] |Attribute changed| - |D:\spk.png
[23-Oct-12 12:15:48 PM] |Attribute changed| - |D:\spk.psd
[23-Oct-12 12:15:48 PM] |Attribute changed| - |D:\sPk.txt
[23-Oct-12 12:15:48 PM] |Attribute changed| - |D:\ss1.png
[23-Oct-12 12:15:48 PM] |Attribute changed| - |D:\ss2.png
[23-Oct-12 12:15:48 PM] |Attribute changed| - |D:\ss3.png
[23-Oct-12 12:15:48 PM] |Attribute changed| - |D:\StockLite+v7.1.zip
[23-Oct-12 12:15:48 PM] |Attribute changed| - |D:\su-install.zip
[23-Oct-12 12:15:48 PM] |Attribute changed| - |D:\task.txt
[23-Oct-12 12:15:48 PM] |Attribute changed| - |D:\test.txt
[23-Oct-12 12:15:48 PM] |Attribute changed| - |D:\testfont.html
[23-Oct-12 12:15:48 PM] |Attribute changed| - |D:\testpic.png
[23-Oct-12 12:15:48 PM] |Attribute changed| - |D:\thai.xlsx
[23-Oct-12 12:15:48 PM] |Attribute changed| - |D:\the_mod_galaxy_ace_flashable.zip
[23-Oct-12 12:15:48 PM] |Attribute changed| - |D:\TurboBoost-V8.zip
[23-Oct-12 12:15:48 PM] |Attribute changed| - |D:\WallpaperPatch.zip
[23-Oct-12 12:15:48 PM] |Attribute changed| - |D:\Warm Mornings - XxSaraiyu-StockxX.atn
[23-Oct-12 12:15:48 PM] |Attribute changed| - |D:\ค่านิยมและวัฒนธรรมทางเพศ.docx
[23-Oct-12 12:15:48 PM] |Attribute changed| - |D:\ค่านิยมและวัฒนธรรมในเรื่องเพศ ตามวัฒนธรรมไทย.docx
[23-Oct-12 12:15:48 PM] |Attribute changed| - |D:\รูปเรขา.xlsx
[23-Oct-12 12:15:48 PM] |Attribute changed| - |D:\สารบัญ.docx
[23-Oct-12 12:15:48 PM] |Attribute changed| - |D:\สูตร.xlsx
[23-Oct-12 12:15:48 PM] |Attribute changed| - |E:\007.txt
[23-Oct-12 12:15:48 PM] |Attribute changed| - |E:\1.png
[23-Oct-12 12:15:48 PM] |Attribute changed| - |E:\123.txt
[23-Oct-12 12:15:48 PM] |Attribute changed| - |E:\183662_1568794105222_1396555030_31228039_594519_n.jpg
[23-Oct-12 12:15:48 PM] |Attribute changed| - |E:\202541_503450389668706_1244995420_o.jpg
[23-Oct-12 12:15:49 PM] |Attribute changed| - |E:\202541_503450389668706_1244995420_o.png
[23-Oct-12 12:15:49 PM] |Attribute changed| - |E:\25.txt
[23-Oct-12 12:15:49 PM] |Attribute changed| - |E:\255277_497790726901339_829471755_n (1).jpg
[23-Oct-12 12:15:49 PM] |Attribute changed| - |E:\255277_497790726901339_829471755_n.jpg
[23-Oct-12 12:15:49 PM] |Attribute changed| - |E:\256454_252373618213918_812089315_o.jpg
[23-Oct-12 12:15:49 PM] |Attribute changed| - |E:\282282_468852363160279_436881111_n.jpg
[23-Oct-12 12:15:49 PM] |Attribute changed| - |E:\3210.png
[23-Oct-12 12:15:49 PM] |Attribute changed| - |E:\3348_3056543_MVM_3.tmp
[23-Oct-12 12:15:49 PM] |Attribute changed| - |E:\399004-3a0bb.jpg
[23-Oct-12 12:15:49 PM] |Attribute changed| - |E:\424554_398732120140534_1149610973_n.jpg
[23-Oct-12 12:15:49 PM] |Attribute changed| - |E:\468831_428281420518937_1104384199_o.jpg
[23-Oct-12 12:15:49 PM] |Attribute changed| - |E:\4909.gif
[23-Oct-12 12:15:49 PM] |Attribute changed| - |E:\502-18-03.psd
[23-Oct-12 12:15:49 PM] |Attribute changed| - |E:\522177_427619577251788_1116079889_n.jpg
[23-Oct-12 12:15:49 PM] |Attribute changed| - |E:\524381_497790310234714_2050253225_n (1).jpg
[23-Oct-12 12:15:49 PM] |Attribute changed| - |E:\524381_497790310234714_2050253225_n.jpg
[23-Oct-12 12:15:49 PM] |Attribute changed| - |E:\577942_428281593852253_982693750_n.jpg
[23-Oct-12 12:15:49 PM] |Attribute changed| - |E:\a+b.c
[23-Oct-12 12:15:49 PM] |Attribute changed| - |E:\a+b.exe
[23-Oct-12 12:15:49 PM] |Attribute changed| - |E:\addon_xp.txt
[23-Oct-12 12:15:49 PM] |Attribute changed| - |E:\admin.txt
[23-Oct-12 12:15:49 PM] |Attribute changed| - |E:\ads.png
[23-Oct-12 12:15:49 PM] |Attribute changed| - |E:\AlbumArtSmall.jpg
[23-Oct-12 12:15:49 PM] |Attribute changed| - |E:\APKTool+and+the+Template.rar
[23-Oct-12 12:15:49 PM] |Attribute changed| - |E:\AssemblyInfo.vb
[23-Oct-12 12:15:49 PM] |Attribute changed| - |E:\AteNInternet_Download_Manager_6.03_Beta_Build_10.rar
[23-Oct-12 12:15:49 PM] |Attribute changed| - |E:\avatarspk.png
[23-Oct-12 12:15:49 PM] |Attribute changed| - |E:\avatar_5618.jpg
[23-Oct-12 12:15:49 PM] |Attribute changed| - |E:\bin.png
[23-Oct-12 12:15:49 PM] |Attribute changed| - |E:\Bs_Black_Floor_1280x800 (1).jpg
[23-Oct-12 12:15:49 PM] |Attribute changed| - |E:\chat_client.zip
[23-Oct-12 12:15:49 PM] |Attribute changed| - |E:\code del.png
[23-Oct-12 12:15:49 PM] |Attribute changed| - |E:\code.psd
[23-Oct-12 12:15:49 PM] |Attribute changed| - |E:\cookie school.txt
[23-Oct-12 12:15:49 PM] |Attribute changed| - |E:\Course_book_The 8051 Microcontroller_I_Scott_Mackenzie.pdf
[23-Oct-12 12:15:49 PM] |Attribute changed| - |E:\Custom Transparency Form.rar
[23-Oct-12 12:15:49 PM] |Attribute changed| - |E:\ddo.txt
[23-Oct-12 12:15:49 PM] |Attribute changed| - |E:\ddos+.perl
[23-Oct-12 12:15:49 PM] |Attribute changed| - |E:\ddos+.pl
[23-Oct-12 12:15:49 PM] |Attribute changed| - |E:\ddos+.txt
[23-Oct-12 12:15:49 PM] |Attribute changed| - |E:\ddosplus.pl
[23-Oct-12 12:15:49 PM] |Attribute changed| - |E:\directshow2.rar
[23-Oct-12 12:15:49 PM] |Attribute changed| - |E:\DirectShowLib-2005.dll
[23-Oct-12 12:15:49 PM] |Attribute changed| - |E:\download vb.txt
[23-Oct-12 12:15:49 PM] |Attribute changed| - |E:\Dreamweaver CS5 Read Me.pdf
[23-Oct-12 12:15:49 PM] |Attribute changed| - |E:\edrawmax.exe
[23-Oct-12 12:15:49 PM] |Attribute changed| - |E:\encryption_icon.gif
[23-Oct-12 12:15:49 PM] |Attribute changed| - |E:\essbe_nt64_enu.rar
[23-Oct-12 12:15:49 PM] |Attribute changed| - |E:\Ex.JPG
[23-Oct-12 12:15:49 PM] |Attribute changed| - |E:\exit.png
[23-Oct-12 12:15:49 PM] |Attribute changed| - |E:\exsendjava.txt
[23-Oct-12 12:15:49 PM] |Attribute changed| - |E:\ExTHEME.txt
[23-Oct-12 12:15:49 PM] |Attribute changed| - |E:\fanpage4.png
[23-Oct-12 12:15:49 PM] |Attribute changed| - |E:\fanpage4.psd
[23-Oct-12 12:15:49 PM] |Attribute changed| - |E:\fautorunall.txt
[23-Oct-12 12:15:49 PM] |Attribute changed| - |E:\fbapi.txt
[23-Oct-12 12:15:49 PM] |Attribute changed| - |E:\fifaworldcup_1280x1024_382839.jpg
[23-Oct-12 12:15:49 PM] |Attribute changed| - |E:\FILE.BAK
[23-Oct-12 12:15:49 PM] |Attribute changed| - |E:\FILE.CPP
[23-Oct-12 12:15:49 PM] |Attribute changed| - |E:\filefullname.txt
[23-Oct-12 12:15:49 PM] |Attribute changed| - |E:\filejava.txt
[23-Oct-12 12:15:49 PM] |Attribute changed| - |E:\filenameonly_vbnet.txt
[23-Oct-12 12:15:49 PM] |Attribute changed| - |E:\Finder-icon.png
[23-Oct-12 12:15:49 PM] |Attribute changed| - |E:\fix.JPG
[23-Oct-12 12:15:49 PM] |Attribute changed| - |E:\Fix111.txt
[23-Oct-12 12:15:49 PM] |Attribute changed| - |E:\fix1111.txt
[23-Oct-12 12:15:49 PM] |Attribute changed| - |E:\fix11111.txt
[23-Oct-12 12:15:49 PM] |Attribute changed| - |E:\fix2.txt
[23-Oct-12 12:15:49 PM] |Attribute changed| - |E:\fixc.txt
[23-Oct-12 12:15:49 PM] |Attribute changed| - |E:\fixc1.txt
[23-Oct-12 12:15:49 PM] |Attribute changed| - |E:\fixg.txt
[23-Oct-12 12:15:49 PM] |Attribute changed| - |E:\fix_exe.txt
[23-Oct-12 12:15:49 PM] |Attribute changed| - |E:\flash error2.png
[23-Oct-12 12:15:49 PM] |Attribute changed| - |E:\flash.txt
[23-Oct-12 12:15:49 PM] |Attribute changed| - |E:\Folder.jpg
[23-Oct-12 12:15:49 PM] |Attribute changed| - |E:\freesigner_v1.00.rar
[23-Oct-12 12:15:49 PM] |Attribute changed| - |E:\frmMain.resx
[23-Oct-12 12:15:49 PM] |Attribute changed| - |E:\frmMain.vb
[23-Oct-12 12:15:49 PM] |Attribute changed| - |E:\Frost-iCon-2.htm
[23-Oct-12 12:15:49 PM] |Attribute changed| - |E:\FS Studio.ra_
[23-Oct-12 12:15:49 PM] |Attribute changed| - |E:\Fsservice.rar
[23-Oct-12 12:15:49 PM] |Attribute changed| - |E:\Fusion Security File Block.ra_
[23-Oct-12 12:15:49 PM] |Attribute changed| - |E:\g4wd14.gif
[23-Oct-12 12:15:49 PM] |Attribute changed| - |E:\game.txt
[23-Oct-12 12:15:49 PM] |Attribute changed| - |E:\GDFR-web-2-button-styles.asl
[23-Oct-12 12:15:49 PM] |Attribute changed| - |E:\Get-Info-icon.png
[23-Oct-12 12:15:49 PM] |Attribute changed| - |E:\googlein1.JPG
[23-Oct-12 12:15:49 PM] |Attribute changed| - |E:\googlein2.JPG
[23-Oct-12 12:15:49 PM] |Attribute changed| - |E:\hack xss.txt
[23-Oct-12 12:15:49 PM] |Attribute changed| - |E:\hack.JPG
[23-Oct-12 12:15:49 PM] |Attribute changed| - |E:\hack01.png
[23-Oct-12 12:15:49 PM] |Attribute changed| - |E:\hacked.png
[23-Oct-12 12:15:49 PM] |Attribute changed| - |E:\hacked.psd
[23-Oct-12 12:15:49 PM] |Attribute changed| - |E:\hacked2.png
[23-Oct-12 12:15:49 PM] |Attribute changed| - |E:\Hacking LiveCD.bin
[23-Oct-12 12:15:49 PM] |Attribute changed| - |E:\Hacking LiveCD.cue
[23-Oct-12 12:15:49 PM] |Attribute changed| - |E:\Hacking LiveCD.iso
[23-Oct-12 12:15:49 PM] |Attribute changed| - |E:\Header_BG.jpg
[23-Oct-12 12:15:49 PM] |Attribute changed| - |E:\Header_BG_2.jpg
[23-Oct-12 12:15:49 PM] |Attribute changed| - |E:\help_icon.jpg
[23-Oct-12 12:15:49 PM] |Attribute changed| - |E:\hero of new earth.txt
[23-Oct-12 12:15:49 PM] |Attribute changed| - |E:\hide.png
[23-Oct-12 12:15:49 PM] |Attribute changed| - |E:\hijackthis.log
[23-Oct-12 12:15:49 PM] |Attribute changed| - |E:\HJTInstall.exe
[23-Oct-12 12:15:49 PM] |Attribute changed| - |E:\HJTInstall.idb
[23-Oct-12 12:15:49 PM] |Attribute changed| - |E:\home.gif
[23-Oct-12 12:15:49 PM] |Attribute changed| - |E:\Home.png.png
[23-Oct-12 12:15:49 PM] |Attribute changed| - |E:\host.txt
[23-Oct-12 12:15:49 PM] |Attribute changed| - |E:\hotkeycontrol_src.zip
[23-Oct-12 12:15:49 PM] |Attribute changed| - |E:\html.png
[23-Oct-12 12:15:49 PM] |Attribute changed| - |E:\http-__youtu.be_pqI-....flv
[23-Oct-12 12:15:49 PM] |Attribute changed| - |E:\icon pp.png
[23-Oct-12 12:15:49 PM] |Attribute changed| - |E:\iconpp.png
[23-Oct-12 12:15:49 PM] |Attribute changed| - |E:\icontexto-message-types-alert-red.png
[23-Oct-12 12:15:49 PM] |Attribute changed| - |E:\icon_pp.ico
[23-Oct-12 12:15:49 PM] |Attribute changed| - |E:\icon_process.jpg
[23-Oct-12 12:15:49 PM] |Attribute changed| - |E:\Icon_tools.png
[23-Oct-12 12:15:49 PM] |Attribute changed| - |E:\icon_true_small.png
[23-Oct-12 12:15:49 PM] |Attribute changed| - |E:\ie9ftp.png
[23-Oct-12 12:15:49 PM] |Attribute changed| - |E:\Image.jpg
[23-Oct-12 12:15:49 PM] |Attribute changed| - |E:\images.jpg
[23-Oct-12 12:15:49 PM] |Attribute changed| - |E:\images_thai.jpg
[23-Oct-12 12:15:49 PM] |Attribute changed| - |E:\INCEPTION.txt
[23-Oct-12 12:15:49 PM] |Attribute changed| - |E:\index.htm
[23-Oct-12 12:15:49 PM] |Attribute changed| - |E:\index.html
[23-Oct-12 12:15:49 PM] |Attribute changed| - |E:\index_2.html
[23-Oct-12 12:15:49 PM] |Attribute changed| - |E:\infinity.png
[23-Oct-12 12:15:49 PM] |Attribute changed| - |E:\infinity.psd
[23-Oct-12 12:15:49 PM] |Attribute changed| - |E:\javascript_get_url.txt
[23-Oct-12 12:15:49 PM] |Attribute changed| - |E:\jquery.js
[23-Oct-12 12:15:49 PM] |Attribute changed| - |E:\jquery.js.bak
[23-Oct-12 12:15:49 PM] |Attribute changed| - |E:\key.txt
[23-Oct-12 12:15:49 PM] |Attribute changed| - |E:\Keys.txt
[23-Oct-12 12:15:49 PM] |Attribute changed| - |E:\keyword.txt
[23-Oct-12 12:15:49 PM] |Attribute changed| - |E:\layout.JPG
[23-Oct-12 12:15:49 PM] |Attribute changed| - |E:\lea-furniture-jackson-creek-desk-chair.png
[23-Oct-12 12:15:49 PM] |Attribute changed| - |E:\Leopard_Print_Furniture.png
[23-Oct-12 12:15:49 PM] |Attribute changed| - |E:\libclamav.dll
[23-Oct-12 12:15:49 PM] |Attribute changed| - |E:\libclamav_llvm.dll
[23-Oct-12 12:15:49 PM] |Attribute changed| - |E:\libclamunrar.dll
[23-Oct-12 12:15:49 PM] |Attribute changed| - |E:\libclamunrar_iface.dll
[23-Oct-12 12:15:49 PM] |Attribute changed| - |E:\Lightroom_3_LS11.exe
[23-Oct-12 12:15:49 PM] |Attribute changed| - |E:\linuxmint-13-mate-dvd-32bit.iso
[23-Oct-12 12:15:49 PM] |Attribute changed| - |E:\list.png
[23-Oct-12 12:15:49 PM] |Attribute changed| - |E:\liveandroidv0.2.iso.002
[23-Oct-12 12:15:49 PM] |Attribute changed| - |E:\LOADING_1.FLA
[23-Oct-12 12:15:49 PM] |Attribute changed| - |E:\LOADING_1.swf
[23-Oct-12 12:15:49 PM] |Attribute changed| - |E:\LOGOicon.ico
[23-Oct-12 12:15:49 PM] |Attribute changed| - |E:\LOGOicon.png
[23-Oct-12 12:15:49 PM] |Attribute changed| - |E:\logopp.aep
[23-Oct-12 12:15:49 PM] |Attribute changed| - |E:\logo_recover.psd
[23-Oct-12 12:15:49 PM] |Attribute changed| - |E:\m406.pdf
[23-Oct-12 12:15:49 PM] |Attribute changed| - |E:\m409.pdf
[23-Oct-12 12:15:49 PM] |Attribute changed| - |E:\m412-1.pdf
[23-Oct-12 12:15:49 PM] |Attribute changed| - |E:\ma-super-4-kanhai-u-s53-081053.pdf
[23-Oct-12 12:15:49 PM] |Attribute changed| - |E:\ma4_real_f0953.pdf
[23-Oct-12 12:15:49 PM] |Attribute changed| - |E:\Magic_ISO_Maker_5.4_with_serial.rar
[23-Oct-12 12:15:49 PM] |Attribute changed| - |E:\main.cpp
[23-Oct-12 12:15:49 PM] |Attribute changed| - |E:\main.exe
[23-Oct-12 12:15:49 PM] |Attribute changed| - |E:\main.JPG
[23-Oct-12 12:15:49 PM] |Attribute changed| - |E:\main.o
[23-Oct-12 12:15:49 PM] |Attribute changed| - |E:\main.obj
[23-Oct-12 12:15:49 PM] |Attribute changed| - |E:\Makefile.win
[23-Oct-12 12:15:49 PM] |Attribute changed| - |E:\math-m1.rar
[23-Oct-12 12:15:49 PM] |Attribute changed| - |E:\MC2UFULL[BYLM].htm
[23-Oct-12 12:15:49 PM] |Attribute changed| - |E:\McAfee-Virus-Scan-icon.png
[23-Oct-12 12:15:49 PM] |Attribute changed| - |E:\MD5.txt
[23-Oct-12 12:15:49 PM] |Attribute changed| - |E:\Me(ga)molody.iso
[23-Oct-12 12:15:49 PM] |Attribute changed| - |E:\microsoft-logo1.jpg
[23-Oct-12 12:15:49 PM] |Attribute changed| - |E:\microsoft_.jpg
[23-Oct-12 12:15:49 PM] |Attribute changed| - |E:\mikroc_pro_pic_2011_v561.zip
[23-Oct-12 12:15:49 PM] |Attribute changed| - |E:\MISS.pdf
[23-Oct-12 12:15:49 PM] |Attribute changed| - |E:\mook virus.png
[23-Oct-12 12:15:49 PM] |Attribute changed| - |E:\more.PNG
[23-Oct-12 12:15:49 PM] |Attribute changed| - |E:\MSN Status Flood.exe
[23-Oct-12 12:15:49 PM] |Attribute changed| - |E:\msn2.png
[23-Oct-12 12:15:49 PM] |Attribute changed| - |E:\msnerror.txt
[23-Oct-12 12:15:49 PM] |Attribute changed| - |E:\msnvirusthai.jpg
[23-Oct-12 12:15:49 PM] |Attribute changed| - |E:\MSN_Lnw.txt
[23-Oct-12 12:15:49 PM] |Attribute changed| - |E:\My Host.JPG
[23-Oct-12 12:15:49 PM] |Attribute changed| - |E:\mycom with sPkAutorunkiller.png
[23-Oct-12 12:15:49 PM] |Attribute changed| - |E:\myhost.png
[23-Oct-12 12:15:49 PM] |Attribute changed| - |E:\myhost.txt
[23-Oct-12 12:15:49 PM] |Attribute changed| - |E:\n100000112473018_8873.jpg
[23-Oct-12 12:15:49 PM] |Attribute changed| - |E:\Nanoha Internet Login.htm.bak
[23-Oct-12 12:15:49 PM] |Attribute changed| - |E:\narai.gif
[23-Oct-12 12:15:49 PM] |Attribute changed| - |E:\narai.png
[23-Oct-12 12:15:49 PM] |Attribute changed| - |E:\narai2010-logocopymini.jpg
[23-Oct-12 12:15:49 PM] |Attribute changed| - |E:\Narai_dev.png
[23-Oct-12 12:15:49 PM] |Attribute changed| - |E:\Narai_dev.psd
[23-Oct-12 12:15:49 PM] |Attribute changed| - |E:\netbeans-7.1.2-ml-javase-windows.exe
[23-Oct-12 12:15:49 PM] |Attribute changed| - |E:\network.pdf
[23-Oct-12 12:15:49 PM] |Attribute changed| - |E:\New Text Document (2).txt
[23-Oct-12 12:15:49 PM] |Attribute changed| - |E:\New Text Document.txt
[23-Oct-12 12:15:49 PM] |Attribute changed| - |E:\new.JPG
[23-Oct-12 12:15:49 PM] |Attribute changed| - |E:\New.txt
[23-Oct-12 12:15:49 PM] |Attribute changed| - |E:\new_some.gif
[23-Oct-12 12:15:49 PM] |Attribute changed| - |E:\nikto-2.1.3.tar.bz2
[23-Oct-12 12:15:49 PM] |Attribute changed| - |E:\nodupdarte.txt
[23-Oct-12 12:15:49 PM] |Attribute changed| - |E:\noname00.bak
[23-Oct-12 12:15:49 PM] |Attribute changed| - |E:\noname00.cpp
[23-Oct-12 12:15:49 PM] |Attribute changed| - |E:\noname00.obj
[23-Oct-12 12:15:49 PM] |Attribute changed| - |E:\noname01.exe
[23-Oct-12 12:15:49 PM] |Attribute changed| - |E:\noname01.obj
[23-Oct-12 12:15:49 PM] |Attribute changed| - |E:\NSB_warlock III.torrent
[23-Oct-12 12:15:49 PM] |Attribute changed| - |E:\num1.JPG
[23-Oct-12 12:15:49 PM] |Attribute changed| - |E:\numtokpoi.jpg
[23-Oct-12 12:15:49 PM] |Attribute changed| - |E:\NutzBlazt Shepherd.png
[23-Oct-12 12:15:49 PM] |Attribute changed| - |E:\Oganic Chemistry.rar
[23-Oct-12 12:15:49 PM] |Attribute changed| - |E:\Ollydbg_modded_Version_Plugin_Scripts-Fenopy.com.torrent
[23-Oct-12 12:15:49 PM] |Attribute changed| - |E:\option.JPG
[23-Oct-12 12:15:50 PM] |Attribute changed| - |E:\original_home3.gif
[23-Oct-12 12:15:50 PM] |Attribute changed| - |E:\pass to crack.txt
[23-Oct-12 12:15:50 PM] |Attribute changed| - |E:\passport.htm
[23-Oct-12 12:15:50 PM] |Attribute changed| - |E:\Perl IRC.pl
[23-Oct-12 12:15:50 PM] |Attribute changed| - |E:\Pes-2012-apk+Data.rar
[23-Oct-12 12:15:50 PM] |Attribute changed| - |E:\Ph-m4-Additional Problem-u-s53-10-09-53.pdf
[23-Oct-12 12:15:50 PM] |Attribute changed| - |E:\Ph-m4-u-(1)-s53.pdf
[23-Oct-12 12:15:50 PM] |Attribute changed| - |E:\Ph-m4-vecter-u-s53-10-09-53.pdf
[23-Oct-12 12:15:50 PM] |Attribute changed| - |E:\PhotoScape_V3.6.2.exe
[23-Oct-12 12:15:50 PM] |Attribute changed| - |E:\Photoshop_12_LS1.7z
[23-Oct-12 12:15:50 PM] |Attribute changed| - |E:\photothumb.db
[23-Oct-12 12:15:50 PM] |Attribute changed| - |E:\phusoidao.jpg
[23-Oct-12 12:15:50 PM] |Attribute changed| - |E:\pi.dev
[23-Oct-12 12:15:50 PM] |Attribute changed| - |E:\pi.exe
[23-Oct-12 12:15:50 PM] |Attribute changed| - |E:\pi.idb
[23-Oct-12 12:15:50 PM] |Attribute changed| - |E:\pic bat.JPG
[23-Oct-12 12:15:50 PM] |Attribute changed| - |E:\Pirates-Of-The-Caribbean-Wallpapers-On-Stranger-Tides-1920x1200-4.jpg
[23-Oct-12 12:15:50 PM] |Attribute changed| - |E:\PowerISO5.exe
[23-Oct-12 12:15:50 PM] |Attribute changed| - |E:\ppbaned2copy.gif
[23-Oct-12 12:15:50 PM] |Attribute changed| - |E:\processkill.txt
[23-Oct-12 12:15:50 PM] |Attribute changed| - |E:\Project1.dev
[23-Oct-12 12:15:50 PM] |Attribute changed| - |E:\PROTEUS_7.9SP1.rar
[23-Oct-12 12:15:50 PM] |Attribute changed| - |E:\push.avi.torrent
[23-Oct-12 12:15:50 PM] |Attribute changed| - |E:\q-Drar4Ade6.ogg
[23-Oct-12 12:15:50 PM] |Attribute changed| - |E:\radup.JPG
[23-Oct-12 12:15:50 PM] |Attribute changed| - |E:\re.txt
[23-Oct-12 12:15:50 PM] |Attribute changed| - |E:\readline textbox.txt
[23-Oct-12 12:15:50 PM] |Attribute changed| - |E:\recover.png
[23-Oct-12 12:15:50 PM] |Attribute changed| - |E:\recovery-clockwork-5.0.2.6-galaxyace-fix.zip
[23-Oct-12 12:15:50 PM] |Attribute changed| - |E:\reflexil.1.1.bin.zip
[23-Oct-12 12:15:50 PM] |Attribute changed| - |E:\registry-mechanic-8.jpg
[23-Oct-12 12:15:50 PM] |Attribute changed| - |E:\Remove Genuine.rar
[23-Oct-12 12:15:50 PM] |Attribute changed| - |E:\SampleWebDownloader.sln
[23-Oct-12 12:15:50 PM] |Attribute changed| - |E:\SampleWebDownloader.vbproj
[23-Oct-12 12:15:50 PM] |Attribute changed| - |E:\scan.jpg
[23-Oct-12 12:15:50 PM] |Attribute changed| - |E:\scan.png
[23-Oct-12 12:15:50 PM] |Attribute changed| - |E:\se1.PNG
[23-Oct-12 12:15:50 PM] |Attribute changed| - |E:\se2.png
[23-Oct-12 12:15:50 PM] |Attribute changed| - |E:\se3.png
[23-Oct-12 12:15:50 PM] |Attribute changed| - |E:\Serial Fishing Digital Audio Editor.rar
[23-Oct-12 12:15:50 PM] |Attribute changed| - |E:\set.png
[23-Oct-12 12:15:50 PM] |Attribute changed| - |E:\settings-file-icon.png
[23-Oct-12 12:15:50 PM] |Attribute changed| - |E:\settings.txt
[23-Oct-12 12:15:50 PM] |Attribute changed| - |E:\setupvoipdiscount.exe
[23-Oct-12 12:15:50 PM] |Attribute changed| - |E:\share.JPG
[23-Oct-12 12:15:50 PM] |Attribute changed| - |E:\shit.png
[23-Oct-12 12:15:50 PM] |Attribute changed| - |E:\showEX.JPG
[23-Oct-12 12:15:50 PM] |Attribute changed| - |E:\SignTool2.zip
[23-Oct-12 12:15:50 PM] |Attribute changed| - |E:\sims.txt
[23-Oct-12 12:15:50 PM] |Attribute changed| - |E:\slim ss.png
[23-Oct-12 12:15:50 PM] |Attribute changed| - |E:\smf mo.txt
[23-Oct-12 12:15:50 PM] |Attribute changed| - |E:\smf theme.txt
[23-Oct-12 12:15:50 PM] |Attribute changed| - |E:\software-update-icon-512x512.png
[23-Oct-12 12:15:50 PM] |Attribute changed| - |E:\songkrantlaidok.jpg
[23-Oct-12 12:15:50 PM] |Attribute changed| - |E:\sp copy.png
[23-Oct-12 12:15:50 PM] |Attribute changed| - |E:\SP.png
[23-Oct-12 12:15:50 PM] |Attribute changed| - |E:\sp.psd
[23-Oct-12 12:15:50 PM] |Attribute changed| - |E:\spd.png
[23-Oct-12 12:15:50 PM] |Attribute changed| - |E:\sPk autorun killer Head program.jpg
[23-Oct-12 12:15:50 PM] |Attribute changed| - |E:\spk web+.js
[23-Oct-12 12:15:50 PM] |Attribute changed| - |E:\spk web+.js.bak
[23-Oct-12 12:15:50 PM] |Attribute changed| - |E:\sPk+.js
[23-Oct-12 12:15:50 PM] |Attribute changed| - |E:\sPk+Easy+apk+tool.rar
[23-Oct-12 12:15:50 PM] |Attribute changed| - |E:\spk-soft copy.ra_
[23-Oct-12 12:15:50 PM] |Attribute changed| - |E:\spk.png
[23-Oct-12 12:15:50 PM] |Attribute changed| - |E:\SPK.rar
[23-Oct-12 12:15:50 PM] |Attribute changed| - |E:\spkautorunkiller cover.png
[23-Oct-12 12:15:50 PM] |Attribute changed| - |E:\spkautorunkiller cover.psd
[23-Oct-12 12:15:50 PM] |Attribute changed| - |E:\sPkAutorunkiller v.3.0 .2.rar
[23-Oct-12 12:15:50 PM] |Attribute changed| - |E:\sPkAutorunkiller v.3.5.rar
[23-Oct-12 12:15:50 PM] |Attribute changed| - |E:\spkdownload.html.bak
[23-Oct-12 12:15:50 PM] |Attribute changed| - |E:\spkgmailbomber.JPG
[23-Oct-12 12:15:50 PM] |Attribute changed| - |E:\spkonseo.png
[23-Oct-12 12:15:50 PM] |Attribute changed| - |E:\sql hack.txt
[23-Oct-12 12:15:50 PM] |Attribute changed| - |E:\sql hack2.txt
[23-Oct-12 12:15:50 PM] |Attribute changed| - |E:\SQL Helper_ct.net.rar
[23-Oct-12 12:15:50 PM] |Attribute changed| - |E:\sql.txt
[23-Oct-12 12:15:50 PM] |Attribute changed| - |E:\ss1.jpg
[23-Oct-12 12:15:50 PM] |Attribute changed| - |E:\ss3i.png
[23-Oct-12 12:15:50 PM] |Attribute changed| - |E:\ssg8.png
[23-Oct-12 12:15:50 PM] |Attribute changed| - |E:\ssmagic.png
[23-Oct-12 12:15:50 PM] |Attribute changed| - |E:\ssmagic2.png
[23-Oct-12 12:15:50 PM] |Attribute changed| - |E:\ssweb+.png
[23-Oct-12 12:15:50 PM] |Attribute changed| - |E:\StackDocklet.htm
[23-Oct-12 12:15:50 PM] |Attribute changed| - |E:\StackDocklet_2.htm
[23-Oct-12 12:15:50 PM] |Attribute changed| - |E:\superkey.txt
[23-Oct-12 12:15:50 PM] |Attribute changed| - |E:\system restore.JPG
[23-Oct-12 12:15:50 PM] |Attribute changed| - |E:\Systems Design and the 8051 microbook_Marcus_Durham.pdf
[23-Oct-12 12:15:50 PM] |Attribute changed| - |E:\tag earth.jpg
[23-Oct-12 12:15:50 PM] |Attribute changed| - |E:\tcwdef.csm
[23-Oct-12 12:15:50 PM] |Attribute changed| - |E:\tempcrack1.psd
[23-Oct-12 12:15:50 PM] |Attribute changed| - |E:\testmod.txt
[23-Oct-12 12:15:50 PM] |Attribute changed| - |E:\Theme1-main .psd
[23-Oct-12 12:15:50 PM] |Attribute changed| - |E:\themeCMD.txt
[23-Oct-12 12:15:50 PM] |Attribute changed| - |E:\THSarabunNew.zip
[23-Oct-12 12:15:50 PM] |Attribute changed| - |E:\tim.JPG
[23-Oct-12 12:15:50 PM] |Attribute changed| - |E:\tools.png
[23-Oct-12 12:15:50 PM] |Attribute changed| - |E:\tree-tint.PNG
[23-Oct-12 12:15:50 PM] |Attribute changed| - |E:\trojan.psd
[23-Oct-12 12:15:50 PM] |Attribute changed| - |E:\tron.txt
[23-Oct-12 12:15:50 PM] |Attribute changed| - |E:\truefaster.txt
[23-Oct-12 12:15:50 PM] |Attribute changed| - |E:\tumpatapon.jpg
[23-Oct-12 12:15:50 PM] |Attribute changed| - |E:\tungsalaenglhung.jpg
[23-Oct-12 12:15:50 PM] |Attribute changed| - |E:\Turbo C 3.0.zip
[23-Oct-12 12:15:50 PM] |Attribute changed| - |E:\unfinished-furniture.png
[23-Oct-12 12:15:50 PM] |Attribute changed| - |E:\unlock-icon.png
[23-Oct-12 12:15:50 PM] |Attribute changed| - |E:\unlock.png
[23-Oct-12 12:15:50 PM] |Attribute changed| - |E:\Untitled-1.jpg
[23-Oct-12 12:15:50 PM] |Attribute changed| - |E:\Untitled-1.psd
[23-Oct-12 12:15:50 PM] |Attribute changed| - |E:\Untitled-2.jpg
[23-Oct-12 12:15:50 PM] |Attribute changed| - |E:\Untitled.png
[23-Oct-12 12:15:50 PM] |Attribute changed| - |E:\Untitled1.png
[23-Oct-12 12:15:50 PM] |Attribute changed| - |E:\Untitled2.c
[23-Oct-12 12:15:50 PM] |Attribute changed| - |E:\Untitled2.exe
[23-Oct-12 12:15:50 PM] |Attribute changed| - |E:\update copy.png
[23-Oct-12 12:15:50 PM] |Attribute changed| - |E:\update.png
[23-Oct-12 12:15:50 PM] |Attribute changed| - |E:\update.psd
[23-Oct-12 12:15:50 PM] |Attribute changed| - |E:\UPX Manual Unpacking.htm
[23-Oct-12 12:15:50 PM] |Attribute changed| - |E:\UPX Manual Unpacking.rar
[23-Oct-12 12:15:50 PM] |Attribute changed| - |E:\v2.JPG
[23-Oct-12 12:15:50 PM] |Attribute changed| - |E:\VB8Pro_-_Keylogger!.txt
[23-Oct-12 12:15:50 PM] |Attribute changed| - |E:\vb_web.exe
[23-Oct-12 12:15:50 PM] |Attribute changed| - |E:\Version.txt
[23-Oct-12 12:15:50 PM] |Attribute changed| - |E:\viewallnews2.htm
[23-Oct-12 12:15:50 PM] |Attribute changed| - |E:\vistamedia-2000x625.jpg
[23-Oct-12 12:15:50 PM] |Attribute changed| - |E:\VMware-player-4.0.2-591240.exe
[23-Oct-12 12:15:50 PM] |Attribute changed| - |E:\VS_EXPBSLN_x64_enu.MSI
[23-Oct-12 12:15:50 PM] |Attribute changed| - |E:\vtp.sif
[23-Oct-12 12:15:50 PM] |Attribute changed| - |E:\webbit.txt
[23-Oct-12 12:15:50 PM] |Attribute changed| - |E:\WebFileDownloader.vb
[23-Oct-12 12:15:50 PM] |Attribute changed| - |E:\ws_ray_waves-1280x800.jpg
[23-Oct-12 12:15:50 PM] |Attribute changed| - |E:\x.txt
[23-Oct-12 12:15:50 PM] |Attribute changed| - |E:\x2.txt
[23-Oct-12 12:15:50 PM] |Attribute changed| - |E:\x3.txt
[23-Oct-12 12:15:50 PM] |Attribute changed| - |E:\xgame.txt
[23-Oct-12 12:15:50 PM] |Attribute changed| - |E:\xxx.txt
[23-Oct-12 12:15:50 PM] |Attribute changed| - |E:\you.JPG
[23-Oct-12 12:15:50 PM] |Attribute changed| - |E:\YouTube - How to hack a website (SQL).flv
[23-Oct-12 12:15:50 PM] |Attribute changed| - |E:\youtube search.txt
[23-Oct-12 12:15:50 PM] |Attribute changed| - |E:\ขยะชัดๆ.png
[23-Oct-12 12:15:50 PM] |Attribute changed| - |E:\ข้อสอบ.txt
[23-Oct-12 12:15:50 PM] |Attribute changed| - |E:\งานข_าว.rar
[23-Oct-12 12:15:50 PM] |Attribute changed| - |E:\งานภ_ม_ศาสตร_.rar
[23-Oct-12 12:15:50 PM] |Attribute changed| - |E:\บันทึกการลบ.png
[23-Oct-12 12:15:50 PM] |Attribute changed| - |E:\ปุ่ม 1.jpg
[23-Oct-12 12:15:50 PM] |Attribute changed| - |E:\ภ_ม_ศาสตร_.rar
[23-Oct-12 12:15:50 PM] |Attribute changed| - |E:\ลบรายการ.png
[23-Oct-12 12:15:50 PM] |Attribute changed| - |E:\วิทยุ.txt
[23-Oct-12 12:15:50 PM] |Attribute changed| - |E:\สอน security.txt
[23-Oct-12 12:15:50 PM] |Attribute changed| - |E:\สอวน.txt
[23-Oct-12 12:15:50 PM] |Attribute changed| - |E:\สี.txt
[23-Oct-12 12:15:50 PM] |Attribute changed| - |E:\หลักฐาน.html
[23-Oct-12 12:15:50 PM] |Attribute changed| - |E:\อ่านก่อน.txt
[23-Oct-12 12:15:50 PM] |Attribute changed| - |E:\เฉลย สอวน คอม 50.png
[23-Oct-12 12:15:50 PM] |Attribute changed| - |E:\โม win.txt
[23-Oct-12 12:15:50 PM] |Attribute changed| - |E:\โเมน.txt
[23-Oct-12 12:15:50 PM] |Attribute changed| - |E:\ไอคอน.png
[23-Oct-12 12:15:50 PM] |Attribute changed| - |F:\13076.gif
[23-Oct-12 12:15:50 PM] |Attribute changed| - |F:\1หน้าปก.pdf
[23-Oct-12 12:15:50 PM] |Attribute changed| - |F:\2บทที่1-5.pdf
[23-Oct-12 12:15:50 PM] |Attribute changed| - |F:\3348_3056543_MVM_1.tmp
[23-Oct-12 12:15:50 PM] |Attribute changed| - |F:\3932_1512265_MVM_1.tmp
[23-Oct-12 12:15:50 PM] |Attribute changed| - |F:\3เอกสารอ้างอิง+ภาคผนวก.pdf
[23-Oct-12 12:15:50 PM] |Attribute changed| - |F:\410.doc
[23-Oct-12 12:15:51 PM] |Attribute changed| - |F:\5.flv
[23-Oct-12 12:15:51 PM] |Attribute changed| - |F:\90_s Lamb Remix.zip
[23-Oct-12 12:15:51 PM] |Attribute changed| - |F:\agel.iso
[23-Oct-12 12:15:51 PM] |Attribute changed| - |F:\AlbumArtSmall.jpg
[23-Oct-12 12:15:51 PM] |Attribute changed| - |F:\angels cry.mp3
[23-Oct-12 12:15:51 PM] |Attribute changed| - |F:\angle cry.mp3
[23-Oct-12 12:15:51 PM] |Attribute changed| - |F:\authorize.doc
[23-Oct-12 12:15:51 PM] |Attribute changed| - |F:\bagnew.jpg
[23-Oct-12 12:15:51 PM] |Attribute changed| - |F:\BB-admission53.xls
[23-Oct-12 12:15:51 PM] |Attribute changed| - |F:\bg.jpg
[23-Oct-12 12:15:51 PM] |Attribute changed| - |F:\bgnvb20.zip
[23-Oct-12 12:15:51 PM] |Attribute changed| - |F:\cover.jpg
[23-Oct-12 12:15:51 PM] |Attribute changed| - |F:\cover.tif
[23-Oct-12 12:15:51 PM] |Attribute changed| - |F:\Dead.Rising.2-SKIDROW.Crack.Only.rar
[23-Oct-12 12:15:51 PM] |Attribute changed| - |F:\dna copy.jpg
[23-Oct-12 12:15:51 PM] |Attribute changed| - |F:\dna.gif
[23-Oct-12 12:15:51 PM] |Attribute changed| - |F:\Folder.jpg
[23-Oct-12 12:15:51 PM] |Attribute changed| - |F:\FORM1.rar
[23-Oct-12 12:15:51 PM] |Attribute changed| - |F:\GAT ANALOGY1.doc
[23-Oct-12 12:15:51 PM] |Attribute changed| - |F:\gat.doc
[23-Oct-12 12:15:51 PM] |Attribute changed| - |F:\gat1-3-1swf.swf
[23-Oct-12 12:15:51 PM] |Attribute changed| - |F:\gat1-3-2.swf
[23-Oct-12 12:15:51 PM] |Attribute changed| - |F:\gat_pat_2553.xls
[23-Oct-12 12:15:51 PM] |Attribute changed| - |F:\globdata.ini
[23-Oct-12 12:15:51 PM] |Attribute changed| - |F:\Hazehim - Princess Behind The Hole By Medlamud.flv.003
[23-Oct-12 12:15:51 PM] |Attribute changed| - |F:\home.psd
[23-Oct-12 12:15:51 PM] |Attribute changed| - |F:\I dream a dream.mp4
[23-Oct-12 12:15:51 PM] |Attribute changed| - |F:\image057.jpg
[23-Oct-12 12:15:51 PM] |Attribute changed| - |F:\IMG_1738.JPG
[23-Oct-12 12:15:51 PM] |Attribute changed| - |F:\install.exe
[23-Oct-12 12:15:51 PM] |Attribute changed| - |F:\install.ini
[23-Oct-12 12:15:51 PM] |Attribute changed| - |F:\install.res.1028.dll
[23-Oct-12 12:15:51 PM] |Attribute changed| - |F:\install.res.1031.dll
[23-Oct-12 12:15:51 PM] |Attribute changed| - |F:\install.res.1033.dll
[23-Oct-12 12:15:51 PM] |Attribute changed| - |F:\install.res.1036.dll
[23-Oct-12 12:15:51 PM] |Attribute changed| - |F:\install.res.1040.dll
[23-Oct-12 12:15:51 PM] |Attribute changed| - |F:\install.res.1041.dll
[23-Oct-12 12:15:51 PM] |Attribute changed| - |F:\install.res.1042.dll
[23-Oct-12 12:15:51 PM] |Attribute changed| - |F:\install.res.2052.dll
[23-Oct-12 12:15:51 PM] |Attribute changed| - |F:\install.res.3082.dll
[23-Oct-12 12:15:51 PM] |Attribute changed| - |F:\Kesha-TiK-ToK.mp3
[23-Oct-12 12:15:51 PM] |Attribute changed| - |F:\leona.txt
[23-Oct-12 12:15:51 PM] |Attribute changed| - |F:\logo-cliniccenter.psd
[23-Oct-12 12:15:51 PM] |Attribute changed| - |F:\logofolio_2005_2007_by_alextass.jpg
[23-Oct-12 12:15:51 PM] |Attribute changed| - |F:\MAcomic13.gif
[23-Oct-12 12:15:51 PM] |Attribute changed| - |F:\Mariah Carey performs HATEU on David Letterman .mp4
[23-Oct-12 12:15:51 PM] |Attribute changed| - |F:\Mariah Carey We Belong Together Fly Like A Bird Medley.zip
[23-Oct-12 12:15:51 PM] |Attribute changed| - |F:\Mariah_Carey_Live_at_the_Pearl_(Las_Vegas_Sept2009)_Uploaded_by_Ana (1).mp4
[23-Oct-12 12:15:51 PM] |Attribute changed| - |F:\Mariah_Carey_Live_at_the_Pearl_(Las_Vegas_Sept2009)_Uploaded_by_Ana.mp4
[23-Oct-12 12:15:51 PM] |Attribute changed| - |F:\Mariah_Carey_Obsessed_Remix_MusicVideo.wmv
[23-Oct-12 12:15:51 PM] |Attribute changed| - |F:\mc.mp3
[23-Oct-12 12:15:51 PM] |Attribute changed| - |F:\mp3tagv243setup.exe
[23-Oct-12 12:15:51 PM] |Attribute changed| - |F:\PROJECT1.MAK
[23-Oct-12 12:15:51 PM] |Attribute changed| - |F:\Pub_Music Hot [www.zoi7.com].rar
[23-Oct-12 12:15:51 PM] |Attribute changed| - |F:\push.avi
[23-Oct-12 12:15:51 PM] |Attribute changed| - |F:\SafariSetup.exe
[23-Oct-12 12:15:51 PM] |Attribute changed| - |F:\sat.rar
[23-Oct-12 12:15:51 PM] |Attribute changed| - |F:\SkypeSetup.exe
[23-Oct-12 12:15:51 PM] |Attribute changed| - |F:\song list01.jpg
[23-Oct-12 12:15:51 PM] |Attribute changed| - |F:\song list02.jpg
[23-Oct-12 12:15:51 PM] |Attribute changed| - |F:\stand up for love.txt
[23-Oct-12 12:15:51 PM] |Attribute changed| - |F:\starwar_1.mp4
[23-Oct-12 12:15:51 PM] |Attribute changed| - |F:\starwar_1.wma
[23-Oct-12 12:15:51 PM] |Attribute changed| - |F:\Swimclub.rar.download
[23-Oct-12 12:15:51 PM] |Attribute changed| - |F:\table.css
[23-Oct-12 12:15:51 PM] |Attribute changed| - |F:\telephone-cut.mp3
[23-Oct-12 12:15:51 PM] |Attribute changed| - |F:\telephone-cut.wav
[23-Oct-12 12:15:51 PM] |Attribute changed| - |F:\template.psd
[23-Oct-12 12:15:51 PM] |Attribute changed| - |F:\testbg.jpg
[23-Oct-12 12:15:51 PM] |Attribute changed| - |F:\Thumbs.db
[23-Oct-12 12:15:51 PM] |Attribute changed| - |F:\TP_Pre_GraphicDesign_NS23_100105.zip
[23-Oct-12 12:15:51 PM] |Attribute changed| - |F:\TP_Pre_WebDesign_NS23_100105.zip
[23-Oct-12 12:15:51 PM] |Attribute changed| - |F:\Untitled-1.jpg
[23-Oct-12 12:15:51 PM] |Attribute changed| - |F:\Untitled-2.jpg
[23-Oct-12 12:15:51 PM] |Attribute changed| - |F:\utada.jpg
[23-Oct-12 12:15:51 PM] |Attribute changed| - |F:\VB.rar
[23-Oct-12 12:15:51 PM] |Attribute changed| - |F:\vcredist.bmp
[23-Oct-12 12:15:51 PM] |Attribute changed| - |F:\VC_RED.cab
[23-Oct-12 12:15:51 PM] |Attribute changed| - |F:\VC_RED.MSI
[23-Oct-12 12:15:51 PM] |Attribute changed| - |F:\video.flv
[23-Oct-12 12:15:51 PM] |Attribute changed| - |F:\VirtualBox-4.1.8-75467-Win.exe
[23-Oct-12 12:15:51 PM] |Attribute changed| - |F:\wall.jpg
[23-Oct-12 12:15:51 PM] |Attribute changed| - |F:\wall.psd
[23-Oct-12 12:15:51 PM] |Attribute changed| - |F:\wall01.jpg
[23-Oct-12 12:15:51 PM] |Attribute changed| - |F:\worms_wp.rar
[23-Oct-12 12:15:51 PM] |Attribute changed| - |F:\กษิดิศ รักษาเกียรติ ม.6.10 เลขที่ 40.rar
[23-Oct-12 12:15:51 PM] |Attribute changed| - |F:\ข้อสอบ GAT_ความถนัดทั่วไป_ครั้งที่ 2_สทศ..pdf
[23-Oct-12 12:15:51 PM] |Attribute changed| - |F:\ฉันจะไม่ลืม.mp4
[23-Oct-12 12:15:51 PM] |Attribute changed| - |F:\บัตรประจำตัวผู้เข้าห้องสอบ o-net.pdf
[23-Oct-12 12:15:51 PM] |Attribute changed| - |F:\บัตรเข้าสอบ.rpt
[23-Oct-12 12:15:51 PM] |Attribute changed| - |F:\บ้านเช่า.jpg
[23-Oct-12 12:15:51 PM] |Attribute changed| - |F:\เฉลยข้อสอบ GAT_ความถนัดทั่วไป_ครั้งที่ 2_สทศ..pdf
[23-Oct-12 12:15:51 PM] |Attribute changed| - |F:\เพลง enconcpept.txt
[23-Oct-12 12:15:51 PM] |Attribute changed| - |F:\โครงงานวิทยาศาสตร์ กระถาง Bio.doc
[23-Oct-12 12:15:51 PM] |Attribute changed| - |G:\hostfix.txt
[23-Oct-12 12:15:51 PM] |Attribute changed| - |G:\hijackthis-board.txt
[23-Oct-12 12:15:51 PM] |Attribute changed| - |G:\1.txt
[23-Oct-12 12:15:51 PM] |Attribute changed| - |G:\Thumbs.db
[23-Oct-12 12:15:51 PM] |Attribute changed| - |G:\thaitatim.txt
[23-Oct-12 12:15:51 PM] |Attribute changed| - |G:\autorunfix.txt
[23-Oct-12 12:15:51 PM] |Attribute changed| - |G:\installer_r12-windows.exe
[23-Oct-12 12:15:51 PM] |Attribute changed| - |G:\33 listen.htm
[23-Oct-12 12:15:51 PM] |Attribute changed| - |G:\thaitatim_full.txt
[23-Oct-12 12:15:51 PM] |Attribute changed| - |G:\rsit.txt
[23-Oct-12 12:15:51 PM] |Attribute changed| - |G:\clockworkmod.zip
[23-Oct-12 12:15:51 PM] |Attribute changed| - |G:\0..bmp
[23-Oct-12 12:15:51 PM] |Attribute changed| - |G:\LaB Selects 2.exe
[23-Oct-12 12:15:51 PM] |Attribute changed| - |G:\14.htm
[23-Oct-12 12:15:51 PM] |Attribute changed| - |G:\53.mpg
[23-Oct-12 12:15:51 PM] |Attribute changed| - |G:\3d.part1.htm
[23-Oct-12 12:15:51 PM] |Attribute changed| - |G:\3D max 2009.txt
[23-Oct-12 12:15:51 PM] |Attribute changed| - |G:\Defend Cut Off Internet.rar
[23-Oct-12 12:15:51 PM] |Attribute changed| - |G:\1150.txt
[23-Oct-12 12:15:51 PM] |Attribute changed| - |G:\1.bat
[23-Oct-12 12:15:51 PM] |Attribute changed| - |G:\basicCalculatorExampleNet05.suo
[23-Oct-12 12:15:51 PM] |Attribute changed| - |G:\11211.txt
[23-Oct-12 12:15:51 PM] |Attribute changed| - |G:\del f 1.txt
[23-Oct-12 12:15:51 PM] |Attribute changed| - |G:\@PSC_ReadMe_904_10.txt
[23-Oct-12 12:15:51 PM] |Attribute changed| - |G:\03 - Celine Dion - Because You Loved Me.htm
[23-Oct-12 12:15:51 PM] |Attribute changed| - |G:\10_เธกเธญเธ.rar
[23-Oct-12 12:15:51 PM] |Attribute changed| - |G:\10_เธกเธญเธ.zip
[23-Oct-12 12:15:51 PM] |Attribute changed| - |H:\Item_Dota6.49b.zip
[23-Oct-12 12:15:51 PM] |Attribute changed| - |H:\Thumbs.db
[23-Oct-12 12:15:51 PM] |Attribute changed| - |H:\seastar.ppt
[23-Oct-12 12:15:51 PM] |Attribute changed| - |H:\t081208.swf
[23-Oct-12 12:15:51 PM] |Attribute changed| - |H:\exam_gat.pdf
[23-Oct-12 12:15:51 PM] |Attribute changed| - |H:\AVSEQ001.mp4
[23-Oct-12 12:15:51 PM] |Attribute changed| - |H:\idman502f.exe
[23-Oct-12 12:15:51 PM] |Attribute changed| - |H:\listen.mp4
[23-Oct-12 12:15:51 PM] |Attribute changed| - |H:\KeyGen.rar
[23-Oct-12 12:15:51 PM] |Attribute changed| - |H:\epithelium.doc
[23-Oct-12 12:15:51 PM] |Attribute changed| - |H:\sub_2548.doc
[23-Oct-12 12:15:51 PM] |Attribute changed| - |H:\keygen.exe
[23-Oct-12 12:15:51 PM] |Attribute changed| - |H:\CORE.NFO
[23-Oct-12 12:15:51 PM] |Attribute changed| - |H:\KillGodzilla.exe
[23-Oct-12 12:15:51 PM] |Attribute changed| - |H:\My Love.mp3
[23-Oct-12 12:15:51 PM] |Attribute changed| - |H:\ntdelect.com
[23-Oct-12 12:15:51 PM] |Attribute changed| - |H:\Content 1-1375.txt
[23-Oct-12 12:15:51 PM] |Attribute changed| - |H:\Picture_2.png
[23-Oct-12 12:15:51 PM] |Attribute changed| - |H:\exam_pat.pdf
[23-Oct-12 12:15:51 PM] |Attribute changed| - |H:\t081208.fla
[23-Oct-12 12:15:51 PM] |Attribute changed| - |H:\Folder.jpg
[23-Oct-12 12:15:51 PM] |Attribute changed| - |H:\แฮรี่พอตเตอร์_ภาค_7.doc
[23-Oct-12 12:15:51 PM] |Attribute changed| - |H:\desktop.ini
[23-Oct-12 12:15:51 PM] |Attribute changed| - |H:\admissions2553.pdf
[23-Oct-12 12:15:51 PM] |Attribute changed| - |H:\B-GAT.pdf
[23-Oct-12 12:15:51 PM] |Attribute changed| - |H:\wbt.mp3
[23-Oct-12 12:15:51 PM] |Attribute changed| - |H:\sea_read.pdf
[23-Oct-12 12:15:51 PM] |Attribute changed| - |H:\www.9down.com.url
[23-Oct-12 12:15:51 PM] |Attribute changed| - |H:\stuffplug30370.exe
[23-Oct-12 12:15:51 PM] |Attribute changed| - |H:\เค้าโครงโครงงาน.doc
[23-Oct-12 12:15:51 PM] |Attribute changed| - |H:\gp4.doc
[23-Oct-12 12:15:51 PM] |Attribute changed| - |H:\ปตทสผ26มีค50.ppt
[23-Oct-12 12:15:51 PM] |Attribute changed| - |H:\Computer_File_001.gif
[23-Oct-12 12:15:51 PM] |Attribute changed| - |H:\listen korean guy.mp4
[23-Oct-12 12:15:51 PM] |Attribute changed| - |H:\AlbumArtSmall.jpg
[23-Oct-12 12:15:51 PM] |Attribute changed| - |H:\AlbumArt_{83F2E05A-43E2-4E78-B131-0E93584274FB}_Small.jpg
[23-Oct-12 12:15:51 PM] |Attribute changed| - |H:\AlbumArt_{83F2E05A-43E2-4E78-B131-0E93584274FB}_Large.jpg
[23-Oct-12 12:15:51 PM] |Attribute changed| - |H:\klcodec320f.exe
[23-Oct-12 12:15:51 PM] |Attribute changed| - |H:\just stand up.3gp
[23-Oct-12 12:15:51 PM] |Attribute changed| - |H:\one step at time.mp4
[23-Oct-12 12:15:51 PM] |Attribute changed| - |H:\BNetEditor.zip
[23-Oct-12 12:15:51 PM] |Attribute changed| - |H:\psycho.rar
[23-Oct-12 12:15:51 PM] |Attribute changed| - |H:\obsessed.mp4
[23-Oct-12 12:15:51 PM] |Attribute changed| - |H:\DotA_Allstars_v6.49b_AI.zip
[23-Oct-12 12:15:51 PM] |Attribute changed| - |H:\BNetEditor.exe
[23-Oct-12 12:15:51 PM] |Attribute changed| - |H:\แกะเทป.txt
[23-Oct-12 12:15:52 PM] |Attribute changed| - |H:\Chapter3_circulation.doc
[23-Oct-12 12:15:52 PM] |Attribute changed| - |H:\AlbumArt_{6DD7DF06-869B-4588-BF25-AEE4AC59EE7B}_Large.jpg
[23-Oct-12 12:15:52 PM] |Attribute changed| - |H:\AlbumArt_{6DD7DF06-869B-4588-BF25-AEE4AC59EE7B}_Small.jpg
[23-Oct-12 12:15:52 PM] |Attribute changed| - |H:\pat gat.txt
[23-Oct-12 12:15:52 PM] |Attribute changed| - |H:\saf.txt
[23-Oct-12 12:15:52 PM] |Attribute changed| - |H:\conjunctions.doc
[23-Oct-12 12:15:52 PM] |Attribute changed| - |H:\ConvertPDF2Word.doc
[23-Oct-12 12:15:52 PM] |Attribute changed| - |H:\I'll be there.pdf
[23-Oct-12 12:15:52 PM] |Attribute changed| - |H:\flash.fla
[23-Oct-12 12:15:52 PM] |Attribute changed| - |H:\Harry 6.mp4
[23-Oct-12 12:15:52 PM] |Attribute changed| - |H:\สอบถาม+(บ...doc
[23-Oct-12 12:15:52 PM] |Attribute changed| - |H:\mp3fresh_net.htm
[23-Oct-12 12:15:52 PM] |Attribute changed| - |H:\AlbumArt_{FE477500-3A48-4792-85E5-39B70DC88299}_Small.jpg
[23-Oct-12 12:15:52 PM] |Attribute changed| - |H:\AlbumArt_{FE477500-3A48-4792-85E5-39B70DC88299}_Large.jpg
[23-Oct-12 12:15:52 PM] |Attribute changed| - |H:\DotAAllStars.pdf
[23-Oct-12 12:15:52 PM] |Attribute changed| - |H:\Run.mp3
[23-Oct-12 12:15:52 PM] |Attribute changed| - |H:\run (bous track).mp3
[23-Oct-12 12:15:52 PM] |Attribute changed| - |H:\เหลือแหล่.DAT
[23-Oct-12 12:15:52 PM] |Attribute changed| - |H:\AlbumArt_{F2C4D056-7D4A-4392-A9F7-E8FF389ACF9D}_Large.jpg
[23-Oct-12 12:15:52 PM] |Attribute changed| - |H:\AlbumArt_{F2C4D056-7D4A-4392-A9F7-E8FF389ACF9D}_Small.jpg
[23-Oct-12 12:15:53 PM] |Attribute changed| - |H:\The_Dream_Ft_Mariah_Carey_-_My_Love.rar
[23-Oct-12 12:15:53 PM] |Attribute changed| - |H:\The_Mayan_Calendar_End_On_December_21__2012.doc
[23-Oct-12 12:15:53 PM] |Attribute changed| - |H:\AlbumArt_{FFA418FE-8175-4049-B83D-DA2AE49F0D37}_Large.jpg
[23-Oct-12 12:15:53 PM] |Attribute changed| - |H:\AlbumArt_{FFA418FE-8175-4049-B83D-DA2AE49F0D37}_Small.jpg
[23-Oct-12 12:15:53 PM] |Attribute changed| - |H:\i'll be there.mp4
[23-Oct-12 12:15:53 PM] |Attribute changed| - |H:\will be there jenifer.mp4
[23-Oct-12 12:15:53 PM] |Attribute changed| - |H:\I Hate This Part Right Here.mp3
[23-Oct-12 12:15:53 PM] |Attribute changed| - |H:\[HQ] Obsessed.flv
[23-Oct-12 12:15:53 PM] |Attribute changed| - |H:\Display22_PC.exe
[23-Oct-12 12:15:53 PM] |Attribute changed| - |H:\I Will Always Love You.txt
[23-Oct-12 12:15:53 PM] |Attribute changed| - |H:\My Bloody Valentine.mp3
[23-Oct-12 12:15:53 PM] |Attribute changed| - |H:\~$Will Always Love You.doc
[23-Oct-12 12:15:53 PM] |Attribute changed| - |H:\Human_sp2.zip
[23-Oct-12 12:15:53 PM] |Attribute changed| - |H:\E_BOOK_Photoshop_7_CS_CS2_CS3.rar
[23-Oct-12 12:15:53 PM] |Attribute changed| - |H:\neurosim.rar
[23-Oct-12 12:15:53 PM] |Attribute changed| - |H:\บัตรประจำตัวผู้เข้าสอบ.pdf
[23-Oct-12 12:15:53 PM] |Attribute changed| - |H:\full-paper.doc
[23-Oct-12 12:15:53 PM] |Attribute changed| - |H:\Beyonce_-_Single_Ladies_BMF.wma
[23-Oct-12 12:15:53 PM] |Attribute changed| - |H:\index.php.jpg
[23-Oct-12 12:15:53 PM] |Attribute changed| - |H:\ดวงปี 52.txt
[23-Oct-12 12:15:53 PM] |Attribute changed| - |H:\Mariah_Carey_-_Through_The_Rain.mp3
[23-Oct-12 12:15:53 PM] |Attribute changed| - |H:\ef.txt
[23-Oct-12 12:15:53 PM] |Attribute changed| - |H:\_AVG_certification_.txt
[23-Oct-12 12:15:53 PM] |Attribute changed| - |H:\การทดสอบสารอาหาร.ppt
[23-Oct-12 12:15:53 PM] |Attribute changed| - |H:\video.mp4
[23-Oct-12 12:15:53 PM] |Attribute changed| - |H:\[HQ] Obsessed.mp4
[23-Oct-12 12:15:53 PM] |Attribute changed| - |H:\การเขียน_...doc
[23-Oct-12 12:15:53 PM] |Attribute changed| - |H:\บันทึกวิช...pdf
[23-Oct-12 12:15:53 PM] |Attribute changed| - |H:\Action pl...doc
[23-Oct-12 12:15:53 PM] |Attribute changed| - |H:\Hate_that_i_love_you_ft_David_Bisbal_(Spanish_version).mp3
[23-Oct-12 12:15:53 PM] |Attribute changed| - |H:\Tiziano_Ferro+Kelly_Rowland_-_Breathe_Gentle.mp3
[23-Oct-12 12:15:53 PM] |Attribute changed| - |H:\The Future Simple Tense.doc
[23-Oct-12 12:15:53 PM] |Attribute changed| - |H:\Mariah_Carey_-_Obsessed_(Remix).mp4
[23-Oct-12 12:15:53 PM] |Attribute changed| - |H:\18.48d0adf737ddeeaa
[23-Oct-12 12:15:53 PM] |Attribute changed| - |H:\Leona Lewis - A Thousand Lights.mp3
[23-Oct-12 12:15:53 PM] |Attribute changed| - |H:\Biostatistics.docx
[23-Oct-12 12:15:53 PM] |Attribute changed| - |H:\image-3E18_4D50A30C.jpg
[23-Oct-12 12:15:53 PM] |Attribute changed| - |H:\image-2753_4C61A12E.jpg
[23-Oct-12 12:15:53 PM] |Attribute changed| - |H:\1313_Mariah_Carey_-_I'll_be_there.mp3
[23-Oct-12 12:15:53 PM] |Attribute changed| - |H:\airinstaller1x0_win_sgn.z
[23-Oct-12 12:15:53 PM] |Attribute changed| - |H:\BNetEditor.ini
[23-Oct-12 12:15:53 PM] |Attribute changed| - |H:\flash.swf
[23-Oct-12 12:15:53 PM] |Attribute changed| - |H:\Listen.mp3
[23-Oct-12 12:15:53 PM] |Attribute changed| - |H:\Beyonce Ft. Ciara & Termanology - Diva.mp3
[23-Oct-12 12:15:53 PM] |Attribute changed| - |H:\tree.gif
[23-Oct-12 12:25:59 PM] |Write registry value| - |HKCU\Software\Microsoft\Windows\CurrentVersion\Run : sPkAutorunkiller v.3.0
[23-Oct-12 12:27:13 PM] |File deleted| - |L:\test.lnk
[23-Oct-12 12:27:13 PM] |Directory created| - |L:\test.lnk
[23-Oct-12 12:28:36 PM] |Write registry value| - |HKCU\Software\Microsoft\Windows\CurrentVersion\Run : sPkAutorunkiller v.3.0
[23-Oct-12 12:29:09 PM] |File deleted| - |L:\test.lnk
[23-Oct-12 12:29:09 PM] |Directory created| - |L:\test.lnk
[23-Oct-12 12:30:23 PM] |Write registry value| - |HKCU\Software\Microsoft\Windows\CurrentVersion\Run : sPkAutorunkiller v.3.0
[23-Oct-12 12:30:47 PM] |File deleted| - |L:\test.lnk
[23-Oct-12 12:30:47 PM] |Directory created| - |L:\test.lnk
[23-Oct-12 12:32:01 PM] |Write registry value| - |HKCU\Software\Microsoft\Windows\CurrentVersion\Run : sPkAutorunkiller v.3.0
[23-Oct-12 12:32:26 PM] |File deleted| - |L:\test.lnk
[23-Oct-12 12:32:26 PM] |Directory created| - |L:\test.lnk
[23-Oct-12 12:36:08 PM] |Write registry value| - |HKCU\Software\Microsoft\Windows\CurrentVersion\Run : sPkAutorunkiller v.3.0
[23-Oct-12 12:36:28 PM] |File deleted| - |L:\test.lnk
[23-Oct-12 12:36:28 PM] |Directory created| - |L:\test.lnk
[23-Oct-12 12:38:18 PM] |Write registry value| - |HKCU\Software\Microsoft\Windows\CurrentVersion\Run : sPkAutorunkiller v.3.0
[23-Oct-12 12:39:09 PM] |File deleted| - |L:\test.lnk
[23-Oct-12 12:39:09 PM] |Directory created| - |L:\test.lnk
[23-Oct-12 12:41:23 PM] |Write registry value| - |HKCU\Software\Microsoft\Windows\CurrentVersion\Run : sPkAutorunkiller v.3.0
[23-Oct-12 12:41:39 PM] |File deleted| - |L:\test.lnk
[23-Oct-12 12:41:39 PM] |Directory created| - |L:\test.lnk
[23-Oct-12 12:42:15 PM] |Write registry value| - |HKCU\Software\Microsoft\Windows\CurrentVersion\Run : sPkAutorunkiller v.3.0
[23-Oct-12 12:42:44 PM] |File deleted| - |L:\test.lnk
[23-Oct-12 12:42:44 PM] |Directory created| - |L:\test.lnk
[23-Oct-12 12:56:11 PM] |Write registry value| - |HKCU\Software\Microsoft\Windows\CurrentVersion\Run : sPkAutorunkiller v.3.0
[23-Oct-12 12:56:41 PM] |Write registry value| - |HKCU\Software\Microsoft\Windows\CurrentVersion\Run : sPkAutorunkiller v.3.0
[23-Oct-12 12:57:05 PM] |File deleted| - |L:\test.lnk
[23-Oct-12 12:57:05 PM] |Directory created| - |L:\test.lnk
[23-Oct-12 12:57:10 PM] |Attribute changed| - |L:\ข้อสอบ ป.6 เทอม 1 ปี 50.doc
[23-Oct-12 12:57:13 PM] |Attribute changed| - |L:\test.exe
[23-Oct-12 12:57:13 PM] |Attribute changed| - |L:\test.test
[23-Oct-12 1:00:03 PM] |Write registry value| - |HKCU\Software\Microsoft\Windows\CurrentVersion\Run : sPkAutorunkiller v.3.0
[23-Oct-12 1:00:10 PM] |File deleted| - |L:\test.lnk
[23-Oct-12 1:00:10 PM] |Directory created| - |L:\test.lnk
[23-Oct-12 1:00:13 PM] |Attribute changed| - |L:\test.exe
[23-Oct-12 1:00:14 PM] |Attribute changed| - |L:\test.test
[23-Oct-12 1:22:10 PM] |Write registry value| - |HKCU\Software\Microsoft\Windows\CurrentVersion\Run : sPkAutorunkiller v.3.0
[23-Oct-12 1:22:55 PM] |File deleted| - |L:\test.lnk
[23-Oct-12 1:22:56 PM] |Directory created| - |L:\test.lnk
[23-Oct-12 1:22:57 PM] |Attribute changed| - |L:\test.exe
[23-Oct-12 2:15:30 PM] |Write registry value| - |HKCU\Software\Microsoft\Windows\CurrentVersion\Run : sPkAutorunkiller v.3.0
